c:\users\isarl\onedrive\documents\school 22-23\cryptography\cryptoresearch\ascon\x64\debug\vc143.pdb
c:\users\isarl\onedrive\documents\school 22-23\cryptography\cryptoresearch\ascon\x64\debug\vc143.idb
c:\users\isarl\onedrive\documents\school 22-23\cryptography\cryptoresearch\ascon\x64\debug\tools.obj
c:\users\isarl\onedrive\documents\school 22-23\cryptography\cryptoresearch\ascon\x64\debug\main.obj
c:\users\isarl\onedrive\documents\school 22-23\cryptography\cryptoresearch\ascon\x64\debug\encryption.obj
c:\users\isarl\onedrive\documents\school 22-23\cryptography\cryptoresearch\x64\debug\ascon.pdb
c:\users\isarl\onedrive\documents\school 22-23\cryptography\cryptoresearch\ascon\x64\debug\ascon.tlog\cl.command.1.tlog
c:\users\isarl\onedrive\documents\school 22-23\cryptography\cryptoresearch\ascon\x64\debug\ascon.tlog\cl.read.1.tlog
c:\users\isarl\onedrive\documents\school 22-23\cryptography\cryptoresearch\ascon\x64\debug\ascon.tlog\cl.write.1.tlog
c:\users\isarl\onedrive\documents\school 22-23\cryptography\cryptoresearch\ascon\x64\debug\ascon.tlog\link-cvtres.read.1.tlog
c:\users\isarl\onedrive\documents\school 22-23\cryptography\cryptoresearch\ascon\x64\debug\ascon.tlog\link-cvtres.write.1.tlog
c:\users\isarl\onedrive\documents\school 22-23\cryptography\cryptoresearch\ascon\x64\debug\ascon.tlog\link-rc.read.1.tlog
c:\users\isarl\onedrive\documents\school 22-23\cryptography\cryptoresearch\ascon\x64\debug\ascon.tlog\link-rc.write.1.tlog
c:\users\isarl\onedrive\documents\school 22-23\cryptography\cryptoresearch\ascon\x64\debug\ascon.tlog\link.20744-cvtres.read.1.tlog
c:\users\isarl\onedrive\documents\school 22-23\cryptography\cryptoresearch\ascon\x64\debug\ascon.tlog\link.20744-cvtres.write.1.tlog
c:\users\isarl\onedrive\documents\school 22-23\cryptography\cryptoresearch\ascon\x64\debug\ascon.tlog\link.20744-rc.read.1.tlog
c:\users\isarl\onedrive\documents\school 22-23\cryptography\cryptoresearch\ascon\x64\debug\ascon.tlog\link.20744-rc.write.1.tlog
c:\users\isarl\onedrive\documents\school 22-23\cryptography\cryptoresearch\ascon\x64\debug\ascon.tlog\link.20744.read.1.tlog
c:\users\isarl\onedrive\documents\school 22-23\cryptography\cryptoresearch\ascon\x64\debug\ascon.tlog\link.20744.read.2.tlog
c:\users\isarl\onedrive\documents\school 22-23\cryptography\cryptoresearch\ascon\x64\debug\ascon.tlog\link.20744.write.1.tlog
c:\users\isarl\onedrive\documents\school 22-23\cryptography\cryptoresearch\ascon\x64\debug\ascon.tlog\link.command.1.tlog
c:\users\isarl\onedrive\documents\school 22-23\cryptography\cryptoresearch\ascon\x64\debug\ascon.tlog\link.read.1.tlog
c:\users\isarl\onedrive\documents\school 22-23\cryptography\cryptoresearch\ascon\x64\debug\ascon.tlog\link.read.2.tlog
c:\users\isarl\onedrive\documents\school 22-23\cryptography\cryptoresearch\ascon\x64\debug\ascon.tlog\link.read.3.tlog
c:\users\isarl\onedrive\documents\school 22-23\cryptography\cryptoresearch\ascon\x64\debug\ascon.tlog\link.write.1.tlog
